<?xml version="1.0" encoding="UTF-8"?>
<testng-results skipped="0" failed="0" ignored="0" total="1" passed="1">
  <reporter-output>
  </reporter-output>
  <suite name="Default suite" duration-ms="3620" started-at="2019-11-24T22:11:28 PST" finished-at="2019-11-24T22:11:32 PST">
    <groups>
    </groups>
    <test name="Default test" duration-ms="3620" started-at="2019-11-24T22:11:28 PST" finished-at="2019-11-24T22:11:32 PST">
      <class name="webserviceAssignment.getInfoofStudent">
        <test-method status="PASS" signature="test001()[pri:0, instance:webserviceAssignment.getInfoofStudent@578486a3]" name="test001" duration-ms="3564" started-at="2019-11-24T22:11:28 PST" finished-at="2019-11-24T22:11:32 PST">
          <reporter-output>
          </reporter-output>
        </test-method> <!-- test001 -->
      </class> <!-- webserviceAssignment.getInfoofStudent -->
    </test> <!-- Default test -->
  </suite> <!-- Default suite -->
</testng-results>
